<?xml version="1.0" encoding="UTF-8"?>
<!-- Generated by org.testng.reporters.JUnitReportReporter -->
<testsuite hostname="II31-7DHY4Q2" failures="0" tests="1" name="functionaltesting.PostRequestAutomation" time="1.756" errors="0" timestamp="2020-11-03T22:49:45 IST" skipped="0">
  <testcase classname="functionaltesting.PostRequestAutomation" name="getRequestAutomation" time="1.756"/>
  <system-out/>
</testsuite> <!-- functionaltesting.PostRequestAutomation -->
